# JRE version: OpenJDK Runtime Environment (8.0_152-b01) (build 1.8.0_152-release-915-b01)
# Java VM: OpenJDK 64-Bit Server VM (25.152-b01 mixed mode windows-amd64 compressed oops)
Heap:
 PSYoungGen      total 124928K, used 103798K [0x00000000e0000000, 0x00000000e9800000, 0x0000000100000000)
  eden space 105472K, 80% used [0x00000000e0000000,0x00000000e529a930,0x00000000e6700000)
  from space 19456K, 98% used [0x00000000e8500000,0x00000000e97c2fe8,0x00000000e9800000)
  to   space 23040K, 0% used [0x00000000e6b00000,0x00000000e6b00000,0x00000000e8180000)
 ParOldGen       total 111104K, used 59779K [0x00000000a0000000, 0x00000000a6c80000, 0x00000000e0000000)
  object space 111104K, 53% used [0x00000000a0000000,0x00000000a3a60c70,0x00000000a6c80000)
 Metaspace       used 72835K, capacity 76748K, committed 76800K, reserved 1116160K
  class space    used 9575K, capacity 10477K, committed 10496K, reserved 1048576K
GC Heap History (10 events):
Event: 3688.207 GC heap before
{Heap before GC invocations=25 (full 3):
 PSYoungGen      total 129024K, used 127700K [0x00000000e0000000, 0x00000000e9d00000, 0x0000000100000000)
  eden space 115200K, 100% used [0x00000000e0000000,0x00000000e7080000,0x00000000e7080000)
  from space 13824K, 90% used [0x00000000e7080000,0x00000000e7cb52d8,0x00000000e7e00000)
  to   space 15360K, 0% used [0x00000000e8e00000,0x00000000e8e00000,0x00000000e9d00000)
 ParOldGen       total 111104K, used 50386K [0x00000000a0000000, 0x00000000a6c80000, 0x00000000e0000000)
  object space 111104K, 45% used [0x00000000a0000000,0x00000000a3134a00,0x00000000a6c80000)
 Metaspace       used 68903K, capacity 72300K, committed 72448K, reserved 1112064K
  class space    used 9171K, capacity 9967K, committed 9984K, reserved 1048576K
Event: 3688.413 GC heap after
Heap after GC invocations=25 (full 3):
 PSYoungGen      total 122368K, used 10383K [0x00000000e0000000, 0x00000000e9880000, 0x0000000100000000)
  eden space 111616K, 0% used [0x00000000e0000000,0x00000000e0000000,0x00000000e6d00000)
  from space 10752K, 96% used [0x00000000e8e00000,0x00000000e9823e38,0x00000000e9880000)
  to   space 15872K, 0% used [0x00000000e7980000,0x00000000e7980000,0x00000000e8900000)
 ParOldGen       total 111104K, used 50394K [0x00000000a0000000, 0x00000000a6c80000, 0x00000000e0000000)
  object space 111104K, 45% used [0x00000000a0000000,0x00000000a3136a00,0x00000000a6c80000)
 Metaspace       used 68903K, capacity 72300K, committed 72448K, reserved 1112064K
  class space    used 9171K, capacity 9967K, committed 9984K, reserved 1048576K
}
Event: 3702.800 GC heap before
{Heap before GC invocations=26 (full 3):
 PSYoungGen      total 122368K, used 121999K [0x00000000e0000000, 0x00000000e9880000, 0x0000000100000000)
  eden space 111616K, 100% used [0x00000000e0000000,0x00000000e6d00000,0x00000000e6d00000)
  from space 10752K, 96% used [0x00000000e8e00000,0x00000000e9823e38,0x00000000e9880000)
  to   space 15872K, 0% used [0x00000000e7980000,0x00000000e7980000,0x00000000e8900000)
 ParOldGen       total 111104K, used 50394K [0x00000000a0000000, 0x00000000a6c80000, 0x00000000e0000000)
  object space 111104K, 45% used [0x00000000a0000000,0x00000000a3136a00,0x00000000a6c80000)
 Metaspace       used 70124K, capacity 73640K, committed 73984K, reserved 1114112K
  class space    used 9296K, capacity 10115K, committed 10240K, reserved 1048576K
Event: 3702.838 GC heap after
Heap after GC invocations=26 (full 3):
 PSYoungGen      total 119808K, used 11598K [0x00000000e0000000, 0x00000000e8e80000, 0x0000000100000000)
  eden space 108032K, 0% used [0x00000000e0000000,0x00000000e0000000,0x00000000e6980000)
  from space 11776K, 98% used [0x00000000e7980000,0x00000000e84d3aa8,0x00000000e8500000)
  to   space 9728K, 0% used [0x00000000e8500000,0x00000000e8500000,0x00000000e8e80000)
 ParOldGen       total 111104K, used 50402K [0x00000000a0000000, 0x00000000a6c80000, 0x00000000e0000000)
  object space 111104K, 45% used [0x00000000a0000000,0x00000000a3138a00,0x00000000a6c80000)
 Metaspace       used 70124K, capacity 73640K, committed 73984K, reserved 1114112K
  class space    used 9296K, capacity 10115K, committed 10240K, reserved 1048576K
}
Event: 3705.750 GC heap before
{Heap before GC invocations=27 (full 3):
 PSYoungGen      total 119808K, used 119630K [0x00000000e0000000, 0x00000000e8e80000, 0x0000000100000000)
  eden space 108032K, 100% used [0x00000000e0000000,0x00000000e6980000,0x00000000e6980000)
  from space 11776K, 98% used [0x00000000e7980000,0x00000000e84d3aa8,0x00000000e8500000)
  to   space 9728K, 0% used [0x00000000e8500000,0x00000000e8500000,0x00000000e8e80000)
 ParOldGen       total 111104K, used 50402K [0x00000000a0000000, 0x00000000a6c80000, 0x00000000e0000000)
  object space 111104K, 45% used [0x00000000a0000000,0x00000000a3138a00,0x00000000a6c80000)
 Metaspace       used 70436K, capacity 74076K, committed 74240K, reserved 1114112K
  class space    used 9312K, capacity 10145K, committed 10240K, reserved 1048576K
Event: 3705.790 GC heap after
Heap after GC invocations=27 (full 3):
 PSYoungGen      total 114176K, used 9698K [0x00000000e0000000, 0x00000000e8e80000, 0x0000000100000000)
  eden space 104448K, 0% used [0x00000000e0000000,0x00000000e0000000,0x00000000e6600000)
  from space 9728K, 99% used [0x00000000e8500000,0x00000000e8e78a88,0x00000000e8e80000)
  to   space 18432K, 0% used [0x00000000e6a80000,0x00000000e6a80000,0x00000000e7c80000)
 ParOldGen       total 111104K, used 57632K [0x00000000a0000000, 0x00000000a6c80000, 0x00000000e0000000)
  object space 111104K, 51% used [0x00000000a0000000,0x00000000a3848178,0x00000000a6c80000)
 Metaspace       used 70436K, capacity 74076K, committed 74240K, reserved 1114112K
  class space    used 9312K, capacity 10145K, committed 10240K, reserved 1048576K
}
Event: 3709.433 GC heap before
{Heap before GC invocations=28 (full 3):
 PSYoungGen      total 114176K, used 114146K [0x00000000e0000000, 0x00000000e8e80000, 0x0000000100000000)
  eden space 104448K, 100% used [0x00000000e0000000,0x00000000e6600000,0x00000000e6600000)
  from space 9728K, 99% used [0x00000000e8500000,0x00000000e8e78a88,0x00000000e8e80000)
  to   space 18432K, 0% used [0x00000000e6a80000,0x00000000e6a80000,0x00000000e7c80000)
 ParOldGen       total 111104K, used 57632K [0x00000000a0000000, 0x00000000a6c80000, 0x00000000e0000000)
  object space 111104K, 51% used [0x00000000a0000000,0x00000000a3848178,0x00000000a6c80000)
 Metaspace       used 70884K, capacity 74552K, committed 74752K, reserved 1114112K
  class space    used 9333K, capacity 10213K, committed 10240K, reserved 1048576K
Event: 3709.497 GC heap after
Heap after GC invocations=28 (full 3):
 PSYoungGen      total 127488K, used 16339K [0x00000000e0000000, 0x00000000e9900000, 0x0000000100000000)
  eden space 109056K, 0% used [0x00000000e0000000,0x00000000e0000000,0x00000000e6a80000)
  from space 18432K, 88% used [0x00000000e6a80000,0x00000000e7a74fc0,0x00000000e7c80000)
  to   space 20480K, 0% used [0x00000000e8500000,0x00000000e8500000,0x00000000e9900000)
 ParOldGen       total 111104K, used 59771K [0x00000000a0000000, 0x00000000a6c80000, 0x00000000e0000000)
  object space 111104K, 53% used [0x00000000a0000000,0x00000000a3a5ec70,0x00000000a6c80000)
 Metaspace       used 70884K, capacity 74552K, committed 74752K, reserved 1114112K
  class space    used 9333K, capacity 10213K, committed 10240K, reserved 1048576K
}
Event: 3738.901 GC heap before
{Heap before GC invocations=29 (full 3):
 PSYoungGen      total 127488K, used 125395K [0x00000000e0000000, 0x00000000e9900000, 0x0000000100000000)
  eden space 109056K, 100% used [0x00000000e0000000,0x00000000e6a80000,0x00000000e6a80000)
  from space 18432K, 88% used [0x00000000e6a80000,0x00000000e7a74fc0,0x00000000e7c80000)
  to   space 20480K, 0% used [0x00000000e8500000,0x00000000e8500000,0x00000000e9900000)
 ParOldGen       total 111104K, used 59771K [0x00000000a0000000, 0x00000000a6c80000, 0x00000000e0000000)
  object space 111104K, 53% used [0x00000000a0000000,0x00000000a3a5ec70,0x00000000a6c80000)
 Metaspace       used 72665K, capacity 76568K, committed 76800K, reserved 1116160K
  class space    used 9570K, capacity 10471K, committed 10496K, reserved 1048576K
Event: 3738.937 GC heap after
Heap after GC invocations=29 (full 3):
 PSYoungGen      total 124928K, used 19211K [0x00000000e0000000, 0x00000000e9800000, 0x0000000100000000)
  eden space 105472K, 0% used [0x00000000e0000000,0x00000000e0000000,0x00000000e6700000)
  from space 19456K, 98% used [0x00000000e8500000,0x00000000e97c2fe8,0x00000000e9800000)
  to   space 23040K, 0% used [0x00000000e6b00000,0x00000000e6b00000,0x00000000e8180000)
 ParOldGen       total 111104K, used 59779K [0x00000000a0000000, 0x00000000a6c80000, 0x00000000e0000000)
  object space 111104K, 53% used [0x00000000a0000000,0x00000000a3a60c70,0x00000000a6c80000)
 Metaspace       used 72665K, capacity 76568K, committed 76800K, reserved 1116160K
  class space    used 9570K, capacity 10471K, committed 10496K, reserved 1048576K
}

