# JRE version: OpenJDK Runtime Environment (8.0_152-b01) (build 1.8.0_152-release-915-b01)
# Java VM: OpenJDK 64-Bit Server VM (25.152-b01 mixed mode windows-amd64 compressed oops)
Heap:
 PSYoungGen      total 35328K, used 15191K [0x00000000e0000000, 0x00000000e4500000, 0x0000000100000000)
  eden space 32768K, 46% used [0x00000000e0000000,0x00000000e0ed5e00,0x00000000e2000000)
  from space 2560K, 0% used [0x00000000e2000000,0x00000000e2000000,0x00000000e2280000)
  to   space 2560K, 0% used [0x00000000e4280000,0x00000000e4280000,0x00000000e4500000)
 ParOldGen       total 34304K, used 6682K [0x00000000a0000000, 0x00000000a2180000, 0x00000000e0000000)
  object space 34304K, 19% used [0x00000000a0000000,0x00000000a0686b10,0x00000000a2180000)
 Metaspace       used 23697K, capacity 24086K, committed 24448K, reserved 1071104K
  class space    used 3061K, capacity 3183K, committed 3200K, reserved 1048576K
GC Heap History (10 events):
Event: 3.043 GC heap before
{Heap before GC invocations=3 (full 1):
 PSYoungGen      total 18944K, used 16384K [0x00000000e0000000, 0x00000000e1500000, 0x0000000100000000)
  eden space 16384K, 100% used [0x00000000e0000000,0x00000000e1000000,0x00000000e1000000)
  from space 2560K, 0% used [0x00000000e1000000,0x00000000e1000000,0x00000000e1280000)
  to   space 2560K, 0% used [0x00000000e1280000,0x00000000e1280000,0x00000000e1500000)
 ParOldGen       total 44032K, used 3004K [0x00000000a0000000, 0x00000000a2b00000, 0x00000000e0000000)
  object space 44032K, 6% used [0x00000000a0000000,0x00000000a02ef2d0,0x00000000a2b00000)
 Metaspace       used 12081K, capacity 12388K, committed 12544K, reserved 1060864K
  class space    used 1373K, capacity 1468K, committed 1536K, reserved 1048576K
Event: 3.053 GC heap after
Heap after GC invocations=3 (full 1):
 PSYoungGen      total 18944K, used 2530K [0x00000000e0000000, 0x00000000e1500000, 0x0000000100000000)
  eden space 16384K, 0% used [0x00000000e0000000,0x00000000e0000000,0x00000000e1000000)
  from space 2560K, 98% used [0x00000000e1280000,0x00000000e14f8b60,0x00000000e1500000)
  to   space 2560K, 0% used [0x00000000e1000000,0x00000000e1000000,0x00000000e1280000)
 ParOldGen       total 44032K, used 4549K [0x00000000a0000000, 0x00000000a2b00000, 0x00000000e0000000)
  object space 44032K, 10% used [0x00000000a0000000,0x00000000a04716d8,0x00000000a2b00000)
 Metaspace       used 12081K, capacity 12388K, committed 12544K, reserved 1060864K
  class space    used 1373K, capacity 1468K, committed 1536K, reserved 1048576K
}
Event: 3.422 GC heap before
{Heap before GC invocations=4 (full 1):
 PSYoungGen      total 18944K, used 18913K [0x00000000e0000000, 0x00000000e1500000, 0x0000000100000000)
  eden space 16384K, 99% used [0x00000000e0000000,0x00000000e0fffbb0,0x00000000e1000000)
  from space 2560K, 98% used [0x00000000e1280000,0x00000000e14f8b60,0x00000000e1500000)
  to   space 2560K, 0% used [0x00000000e1000000,0x00000000e1000000,0x00000000e1280000)
 ParOldGen       total 44032K, used 4549K [0x00000000a0000000, 0x00000000a2b00000, 0x00000000e0000000)
  object space 44032K, 10% used [0x00000000a0000000,0x00000000a04716d8,0x00000000a2b00000)
 Metaspace       used 15537K, capacity 15822K, committed 16128K, reserved 1062912K
  class space    used 1838K, capacity 1923K, committed 2048K, reserved 1048576K
Event: 3.428 GC heap after
Heap after GC invocations=4 (full 1):
 PSYoungGen      total 18944K, used 2555K [0x00000000e0000000, 0x00000000e2500000, 0x0000000100000000)
  eden space 16384K, 0% used [0x00000000e0000000,0x00000000e0000000,0x00000000e1000000)
  from space 2560K, 99% used [0x00000000e1000000,0x00000000e127ee40,0x00000000e1280000)
  to   space 2560K, 0% used [0x00000000e2280000,0x00000000e2280000,0x00000000e2500000)
 ParOldGen       total 44032K, used 7607K [0x00000000a0000000, 0x00000000a2b00000, 0x00000000e0000000)
  object space 44032K, 17% used [0x00000000a0000000,0x00000000a076df38,0x00000000a2b00000)
 Metaspace       used 15537K, capacity 15822K, committed 16128K, reserved 1062912K
  class space    used 1838K, capacity 1923K, committed 2048K, reserved 1048576K
}
Event: 3.784 GC heap before
{Heap before GC invocations=5 (full 1):
 PSYoungGen      total 18944K, used 18939K [0x00000000e0000000, 0x00000000e2500000, 0x0000000100000000)
  eden space 16384K, 100% used [0x00000000e0000000,0x00000000e1000000,0x00000000e1000000)
  from space 2560K, 99% used [0x00000000e1000000,0x00000000e127ee40,0x00000000e1280000)
  to   space 2560K, 0% used [0x00000000e2280000,0x00000000e2280000,0x00000000e2500000)
 ParOldGen       total 44032K, used 7607K [0x00000000a0000000, 0x00000000a2b00000, 0x00000000e0000000)
  object space 44032K, 17% used [0x00000000a0000000,0x00000000a076df38,0x00000000a2b00000)
 Metaspace       used 19052K, capacity 19416K, committed 19584K, reserved 1067008K
  class space    used 2307K, capacity 2414K, committed 2432K, reserved 1048576K
Event: 3.791 GC heap after
Heap after GC invocations=5 (full 1):
 PSYoungGen      total 35328K, used 2560K [0x00000000e0000000, 0x00000000e2500000, 0x0000000100000000)
  eden space 32768K, 0% used [0x00000000e0000000,0x00000000e0000000,0x00000000e2000000)
  from space 2560K, 100% used [0x00000000e2280000,0x00000000e2500000,0x00000000e2500000)
  to   space 2560K, 0% used [0x00000000e2000000,0x00000000e2000000,0x00000000e2280000)
 ParOldGen       total 44032K, used 11354K [0x00000000a0000000, 0x00000000a2b00000, 0x00000000e0000000)
  object space 44032K, 25% used [0x00000000a0000000,0x00000000a0b168c8,0x00000000a2b00000)
 Metaspace       used 19052K, capacity 19416K, committed 19584K, reserved 1067008K
  class space    used 2307K, capacity 2414K, committed 2432K, reserved 1048576K
}
Event: 3.924 GC heap before
{Heap before GC invocations=6 (full 1):
 PSYoungGen      total 35328K, used 11905K [0x00000000e0000000, 0x00000000e2500000, 0x0000000100000000)
  eden space 32768K, 28% used [0x00000000e0000000,0x00000000e0920548,0x00000000e2000000)
  from space 2560K, 100% used [0x00000000e2280000,0x00000000e2500000,0x00000000e2500000)
  to   space 2560K, 0% used [0x00000000e2000000,0x00000000e2000000,0x00000000e2280000)
 ParOldGen       total 44032K, used 11354K [0x00000000a0000000, 0x00000000a2b00000, 0x00000000e0000000)
  object space 44032K, 25% used [0x00000000a0000000,0x00000000a0b168c8,0x00000000a2b00000)
 Metaspace       used 20741K, capacity 21082K, committed 21296K, reserved 1069056K
  class space    used 2556K, capacity 2653K, committed 2688K, reserved 1048576K
Event: 3.928 GC heap after
Heap after GC invocations=6 (full 1):
 PSYoungGen      total 35328K, used 2560K [0x00000000e0000000, 0x00000000e4500000, 0x0000000100000000)
  eden space 32768K, 0% used [0x00000000e0000000,0x00000000e0000000,0x00000000e2000000)
  from space 2560K, 100% used [0x00000000e2000000,0x00000000e2280000,0x00000000e2280000)
  to   space 2560K, 0% used [0x00000000e4280000,0x00000000e4280000,0x00000000e4500000)
 ParOldGen       total 44032K, used 13247K [0x00000000a0000000, 0x00000000a2b00000, 0x00000000e0000000)
  object space 44032K, 30% used [0x00000000a0000000,0x00000000a0ceff38,0x00000000a2b00000)
 Metaspace       used 20741K, capacity 21082K, committed 21296K, reserved 1069056K
  class space    used 2556K, capacity 2653K, committed 2688K, reserved 1048576K
}
Event: 3.928 GC heap before
{Heap before GC invocations=7 (full 2):
 PSYoungGen      total 35328K, used 2560K [0x00000000e0000000, 0x00000000e4500000, 0x0000000100000000)
  eden space 32768K, 0% used [0x00000000e0000000,0x00000000e0000000,0x00000000e2000000)
  from space 2560K, 100% used [0x00000000e2000000,0x00000000e2280000,0x00000000e2280000)
  to   space 2560K, 0% used [0x00000000e4280000,0x00000000e4280000,0x00000000e4500000)
 ParOldGen       total 44032K, used 13247K [0x00000000a0000000, 0x00000000a2b00000, 0x00000000e0000000)
  object space 44032K, 30% used [0x00000000a0000000,0x00000000a0ceff38,0x00000000a2b00000)
 Metaspace       used 20741K, capacity 21082K, committed 21296K, reserved 1069056K
  class space    used 2556K, capacity 2653K, committed 2688K, reserved 1048576K
Event: 3.967 GC heap after
Heap after GC invocations=7 (full 2):
 PSYoungGen      total 35328K, used 0K [0x00000000e0000000, 0x00000000e4500000, 0x0000000100000000)
  eden space 32768K, 0% used [0x00000000e0000000,0x00000000e0000000,0x00000000e2000000)
  from space 2560K, 0% used [0x00000000e2000000,0x00000000e2000000,0x00000000e2280000)
  to   space 2560K, 0% used [0x00000000e4280000,0x00000000e4280000,0x00000000e4500000)
 ParOldGen       total 34304K, used 6682K [0x00000000a0000000, 0x00000000a2180000, 0x00000000e0000000)
  object space 34304K, 19% used [0x00000000a0000000,0x00000000a0686b10,0x00000000a2180000)
 Metaspace       used 20741K, capacity 21082K, committed 21296K, reserved 1069056K
  class space    used 2556K, capacity 2653K, committed 2688K, reserved 1048576K
}

