# JRE version: OpenJDK Runtime Environment (8.0_152-b01) (build 1.8.0_152-release-915-b01)
# Java VM: OpenJDK 64-Bit Server VM (25.152-b01 mixed mode windows-amd64 compressed oops)
Heap:
 PSYoungGen      total 35328K, used 13896K [0x00000000e0000000, 0x00000000e4500000, 0x0000000100000000)
  eden space 32768K, 42% used [0x00000000e0000000,0x00000000e0d920d8,0x00000000e2000000)
  from space 2560K, 0% used [0x00000000e2000000,0x00000000e2000000,0x00000000e2280000)
  to   space 2560K, 0% used [0x00000000e4280000,0x00000000e4280000,0x00000000e4500000)
 ParOldGen       total 35328K, used 6742K [0x00000000a0000000, 0x00000000a2280000, 0x00000000e0000000)
  object space 35328K, 19% used [0x00000000a0000000,0x00000000a0695870,0x00000000a2280000)
 Metaspace       used 23459K, capacity 23938K, committed 24192K, reserved 1071104K
  class space    used 3032K, capacity 3153K, committed 3200K, reserved 1048576K
GC Heap History (10 events):
Event: 2.064 GC heap before
{Heap before GC invocations=3 (full 1):
 PSYoungGen      total 18944K, used 16384K [0x00000000e0000000, 0x00000000e1500000, 0x0000000100000000)
  eden space 16384K, 100% used [0x00000000e0000000,0x00000000e1000000,0x00000000e1000000)
  from space 2560K, 0% used [0x00000000e1000000,0x00000000e1000000,0x00000000e1280000)
  to   space 2560K, 0% used [0x00000000e1280000,0x00000000e1280000,0x00000000e1500000)
 ParOldGen       total 44032K, used 3003K [0x00000000a0000000, 0x00000000a2b00000, 0x00000000e0000000)
  object space 44032K, 6% used [0x00000000a0000000,0x00000000a02eefb0,0x00000000a2b00000)
 Metaspace       used 12071K, capacity 12388K, committed 12544K, reserved 1060864K
  class space    used 1377K, capacity 1468K, committed 1536K, reserved 1048576K
Event: 2.068 GC heap after
Heap after GC invocations=3 (full 1):
 PSYoungGen      total 18944K, used 2540K [0x00000000e0000000, 0x00000000e1500000, 0x0000000100000000)
  eden space 16384K, 0% used [0x00000000e0000000,0x00000000e0000000,0x00000000e1000000)
  from space 2560K, 99% used [0x00000000e1280000,0x00000000e14fb358,0x00000000e1500000)
  to   space 2560K, 0% used [0x00000000e1000000,0x00000000e1000000,0x00000000e1280000)
 ParOldGen       total 44032K, used 4603K [0x00000000a0000000, 0x00000000a2b00000, 0x00000000e0000000)
  object space 44032K, 10% used [0x00000000a0000000,0x00000000a047ee90,0x00000000a2b00000)
 Metaspace       used 12071K, capacity 12388K, committed 12544K, reserved 1060864K
  class space    used 1377K, capacity 1468K, committed 1536K, reserved 1048576K
}
Event: 2.428 GC heap before
{Heap before GC invocations=4 (full 1):
 PSYoungGen      total 18944K, used 18897K [0x00000000e0000000, 0x00000000e1500000, 0x0000000100000000)
  eden space 16384K, 99% used [0x00000000e0000000,0x00000000e0ff9418,0x00000000e1000000)
  from space 2560K, 99% used [0x00000000e1280000,0x00000000e14fb358,0x00000000e1500000)
  to   space 2560K, 0% used [0x00000000e1000000,0x00000000e1000000,0x00000000e1280000)
 ParOldGen       total 44032K, used 4603K [0x00000000a0000000, 0x00000000a2b00000, 0x00000000e0000000)
  object space 44032K, 10% used [0x00000000a0000000,0x00000000a047ee90,0x00000000a2b00000)
 Metaspace       used 15535K, capacity 15822K, committed 16128K, reserved 1062912K
  class space    used 1842K, capacity 1923K, committed 2048K, reserved 1048576K
Event: 2.435 GC heap after
Heap after GC invocations=4 (full 1):
 PSYoungGen      total 18944K, used 2555K [0x00000000e0000000, 0x00000000e2500000, 0x0000000100000000)
  eden space 16384K, 0% used [0x00000000e0000000,0x00000000e0000000,0x00000000e1000000)
  from space 2560K, 99% used [0x00000000e1000000,0x00000000e127ee40,0x00000000e1280000)
  to   space 2560K, 0% used [0x00000000e2280000,0x00000000e2280000,0x00000000e2500000)
 ParOldGen       total 44032K, used 7648K [0x00000000a0000000, 0x00000000a2b00000, 0x00000000e0000000)
  object space 44032K, 17% used [0x00000000a0000000,0x00000000a0778378,0x00000000a2b00000)
 Metaspace       used 15535K, capacity 15822K, committed 16128K, reserved 1062912K
  class space    used 1842K, capacity 1923K, committed 2048K, reserved 1048576K
}
Event: 2.822 GC heap before
{Heap before GC invocations=5 (full 1):
 PSYoungGen      total 18944K, used 18939K [0x00000000e0000000, 0x00000000e2500000, 0x0000000100000000)
  eden space 16384K, 100% used [0x00000000e0000000,0x00000000e1000000,0x00000000e1000000)
  from space 2560K, 99% used [0x00000000e1000000,0x00000000e127ee40,0x00000000e1280000)
  to   space 2560K, 0% used [0x00000000e2280000,0x00000000e2280000,0x00000000e2500000)
 ParOldGen       total 44032K, used 7648K [0x00000000a0000000, 0x00000000a2b00000, 0x00000000e0000000)
  object space 44032K, 17% used [0x00000000a0000000,0x00000000a0778378,0x00000000a2b00000)
 Metaspace       used 19002K, capacity 19428K, committed 19584K, reserved 1067008K
  class space    used 2302K, capacity 2416K, committed 2432K, reserved 1048576K
Event: 2.829 GC heap after
Heap after GC invocations=5 (full 1):
 PSYoungGen      total 35328K, used 2544K [0x00000000e0000000, 0x00000000e2500000, 0x0000000100000000)
  eden space 32768K, 0% used [0x00000000e0000000,0x00000000e0000000,0x00000000e2000000)
  from space 2560K, 99% used [0x00000000e2280000,0x00000000e24fc010,0x00000000e2500000)
  to   space 2560K, 0% used [0x00000000e2000000,0x00000000e2000000,0x00000000e2280000)
 ParOldGen       total 44032K, used 11307K [0x00000000a0000000, 0x00000000a2b00000, 0x00000000e0000000)
  object space 44032K, 25% used [0x00000000a0000000,0x00000000a0b0ae48,0x00000000a2b00000)
 Metaspace       used 19002K, capacity 19428K, committed 19584K, reserved 1067008K
  class space    used 2302K, capacity 2416K, committed 2432K, reserved 1048576K
}
Event: 2.954 GC heap before
{Heap before GC invocations=6 (full 1):
 PSYoungGen      total 35328K, used 11952K [0x00000000e0000000, 0x00000000e2500000, 0x0000000100000000)
  eden space 32768K, 28% used [0x00000000e0000000,0x00000000e0930188,0x00000000e2000000)
  from space 2560K, 99% used [0x00000000e2280000,0x00000000e24fc010,0x00000000e2500000)
  to   space 2560K, 0% used [0x00000000e2000000,0x00000000e2000000,0x00000000e2280000)
 ParOldGen       total 44032K, used 11307K [0x00000000a0000000, 0x00000000a2b00000, 0x00000000e0000000)
  object space 44032K, 25% used [0x00000000a0000000,0x00000000a0b0ae48,0x00000000a2b00000)
 Metaspace       used 20761K, capacity 21094K, committed 21296K, reserved 1069056K
  class space    used 2560K, capacity 2655K, committed 2688K, reserved 1048576K
Event: 2.958 GC heap after
Heap after GC invocations=6 (full 1):
 PSYoungGen      total 35328K, used 2560K [0x00000000e0000000, 0x00000000e4500000, 0x0000000100000000)
  eden space 32768K, 0% used [0x00000000e0000000,0x00000000e0000000,0x00000000e2000000)
  from space 2560K, 100% used [0x00000000e2000000,0x00000000e2280000,0x00000000e2280000)
  to   space 2560K, 0% used [0x00000000e4280000,0x00000000e4280000,0x00000000e4500000)
 ParOldGen       total 44032K, used 13280K [0x00000000a0000000, 0x00000000a2b00000, 0x00000000e0000000)
  object space 44032K, 30% used [0x00000000a0000000,0x00000000a0cf8360,0x00000000a2b00000)
 Metaspace       used 20761K, capacity 21094K, committed 21296K, reserved 1069056K
  class space    used 2560K, capacity 2655K, committed 2688K, reserved 1048576K
}
Event: 2.958 GC heap before
{Heap before GC invocations=7 (full 2):
 PSYoungGen      total 35328K, used 2560K [0x00000000e0000000, 0x00000000e4500000, 0x0000000100000000)
  eden space 32768K, 0% used [0x00000000e0000000,0x00000000e0000000,0x00000000e2000000)
  from space 2560K, 100% used [0x00000000e2000000,0x00000000e2280000,0x00000000e2280000)
  to   space 2560K, 0% used [0x00000000e4280000,0x00000000e4280000,0x00000000e4500000)
 ParOldGen       total 44032K, used 13280K [0x00000000a0000000, 0x00000000a2b00000, 0x00000000e0000000)
  object space 44032K, 30% used [0x00000000a0000000,0x00000000a0cf8360,0x00000000a2b00000)
 Metaspace       used 20761K, capacity 21094K, committed 21296K, reserved 1069056K
  class space    used 2560K, capacity 2655K, committed 2688K, reserved 1048576K
Event: 2.995 GC heap after
Heap after GC invocations=7 (full 2):
 PSYoungGen      total 35328K, used 0K [0x00000000e0000000, 0x00000000e4500000, 0x0000000100000000)
  eden space 32768K, 0% used [0x00000000e0000000,0x00000000e0000000,0x00000000e2000000)
  from space 2560K, 0% used [0x00000000e2000000,0x00000000e2000000,0x00000000e2280000)
  to   space 2560K, 0% used [0x00000000e4280000,0x00000000e4280000,0x00000000e4500000)
 ParOldGen       total 35328K, used 6742K [0x00000000a0000000, 0x00000000a2280000, 0x00000000e0000000)
  object space 35328K, 19% used [0x00000000a0000000,0x00000000a0695870,0x00000000a2280000)
 Metaspace       used 20761K, capacity 21094K, committed 21296K, reserved 1069056K
  class space    used 2560K, capacity 2655K, committed 2688K, reserved 1048576K
}

