# JRE version: OpenJDK Runtime Environment (8.0_152-b01) (build 1.8.0_152-release-915-b01)
# Java VM: OpenJDK 64-Bit Server VM (25.152-b01 mixed mode windows-amd64 compressed oops)
Heap:
 PSYoungGen      total 312320K, used 19993K [0x00000000e0000000, 0x00000000f9a00000, 0x0000000100000000)
  eden space 276480K, 5% used [0x00000000e0000000,0x00000000e0e04e70,0x00000000f0e00000)
  from space 35840K, 15% used [0x00000000f0e00000,0x00000000f1381670,0x00000000f3100000)
  to   space 65024K, 0% used [0x00000000f5a80000,0x00000000f5a80000,0x00000000f9a00000)
 ParOldGen       total 178688K, used 110338K [0x00000000a0000000, 0x00000000aae80000, 0x00000000e0000000)
  object space 178688K, 61% used [0x00000000a0000000,0x00000000a6bc0830,0x00000000aae80000)
 Metaspace       used 114018K, capacity 121696K, committed 121932K, reserved 1155072K
  class space    used 14464K, capacity 16225K, committed 16256K, reserved 1048576K
GC Heap History (10 events):
Event: 5455.075 GC heap before
{Heap before GC invocations=50 (full 5):
 PSYoungGen      total 310784K, used 310776K [0x00000000e0000000, 0x00000000f5680000, 0x0000000100000000)
  eden space 276480K, 100% used [0x00000000e0000000,0x00000000f0e00000,0x00000000f0e00000)
  from space 34304K, 99% used [0x00000000f3100000,0x00000000f527e188,0x00000000f5280000)
  to   space 35840K, 0% used [0x00000000f0e00000,0x00000000f0e00000,0x00000000f3100000)
 ParOldGen       total 154112K, used 110231K [0x00000000a0000000, 0x00000000a9680000, 0x00000000e0000000)
  object space 154112K, 71% used [0x00000000a0000000,0x00000000a6ba5cc0,0x00000000a9680000)
 Metaspace       used 111650K, capacity 118724K, committed 119500K, reserved 1153024K
  class space    used 14098K, capacity 15737K, committed 15872K, reserved 1048576K
Event: 5455.164 GC heap after
Heap after GC invocations=50 (full 5):
 PSYoungGen      total 312320K, used 35831K [0x00000000e0000000, 0x00000000f5680000, 0x0000000100000000)
  eden space 276480K, 0% used [0x00000000e0000000,0x00000000e0000000,0x00000000f0e00000)
  from space 35840K, 99% used [0x00000000f0e00000,0x00000000f30fdd78,0x00000000f3100000)
  to   space 34304K, 0% used [0x00000000f3100000,0x00000000f3100000,0x00000000f5280000)
 ParOldGen       total 154112K, used 130198K [0x00000000a0000000, 0x00000000a9680000, 0x00000000e0000000)
  object space 154112K, 84% used [0x00000000a0000000,0x00000000a7f25860,0x00000000a9680000)
 Metaspace       used 111650K, capacity 118724K, committed 119500K, reserved 1153024K
  class space    used 14098K, capacity 15737K, committed 15872K, reserved 1048576K
}
Event: 5458.730 GC heap before
{Heap before GC invocations=51 (full 5):
 PSYoungGen      total 312320K, used 312311K [0x00000000e0000000, 0x00000000f5680000, 0x0000000100000000)
  eden space 276480K, 100% used [0x00000000e0000000,0x00000000f0e00000,0x00000000f0e00000)
  from space 35840K, 99% used [0x00000000f0e00000,0x00000000f30fdd78,0x00000000f3100000)
  to   space 34304K, 0% used [0x00000000f3100000,0x00000000f3100000,0x00000000f5280000)
 ParOldGen       total 154112K, used 131432K [0x00000000a0000000, 0x00000000a9680000, 0x00000000e0000000)
  object space 154112K, 85% used [0x00000000a0000000,0x00000000a805a038,0x00000000a9680000)
 Metaspace       used 112498K, capacity 119826K, committed 120396K, reserved 1153024K
  class space    used 14240K, capacity 15930K, committed 16000K, reserved 1048576K
Event: 5458.766 GC heap after
Heap after GC invocations=51 (full 5):
 PSYoungGen      total 310784K, used 34299K [0x00000000e0000000, 0x00000000f5680000, 0x0000000100000000)
  eden space 276480K, 0% used [0x00000000e0000000,0x00000000e0000000,0x00000000f0e00000)
  from space 34304K, 99% used [0x00000000f3100000,0x00000000f527ec20,0x00000000f5280000)
  to   space 35840K, 0% used [0x00000000f0e00000,0x00000000f0e00000,0x00000000f3100000)
 ParOldGen       total 154112K, used 136759K [0x00000000a0000000, 0x00000000a9680000, 0x00000000e0000000)
  object space 154112K, 88% used [0x00000000a0000000,0x00000000a858dfe8,0x00000000a9680000)
 Metaspace       used 112498K, capacity 119826K, committed 120396K, reserved 1153024K
  class space    used 14240K, capacity 15930K, committed 16000K, reserved 1048576K
}
Event: 5458.766 GC heap before
{Heap before GC invocations=52 (full 6):
 PSYoungGen      total 310784K, used 34299K [0x00000000e0000000, 0x00000000f5680000, 0x0000000100000000)
  eden space 276480K, 0% used [0x00000000e0000000,0x00000000e0000000,0x00000000f0e00000)
  from space 34304K, 99% used [0x00000000f3100000,0x00000000f527ec20,0x00000000f5280000)
  to   space 35840K, 0% used [0x00000000f0e00000,0x00000000f0e00000,0x00000000f3100000)
 ParOldGen       total 154112K, used 136759K [0x00000000a0000000, 0x00000000a9680000, 0x00000000e0000000)
  object space 154112K, 88% used [0x00000000a0000000,0x00000000a858dfe8,0x00000000a9680000)
 Metaspace       used 112498K, capacity 119826K, committed 120396K, reserved 1153024K
  class space    used 14240K, capacity 15930K, committed 16000K, reserved 1048576K
Event: 5459.613 GC heap after
Heap after GC invocations=52 (full 6):
 PSYoungGen      total 310784K, used 0K [0x00000000e0000000, 0x00000000f5680000, 0x0000000100000000)
  eden space 276480K, 0% used [0x00000000e0000000,0x00000000e0000000,0x00000000f0e00000)
  from space 34304K, 0% used [0x00000000f3100000,0x00000000f3100000,0x00000000f5280000)
  to   space 35840K, 0% used [0x00000000f0e00000,0x00000000f0e00000,0x00000000f3100000)
 ParOldGen       total 154112K, used 113796K [0x00000000a0000000, 0x00000000a9680000, 0x00000000e0000000)
  object space 154112K, 73% used [0x00000000a0000000,0x00000000a6f212b8,0x00000000a9680000)
 Metaspace       used 112477K, capacity 119768K, committed 120396K, reserved 1153024K
  class space    used 14232K, capacity 15917K, committed 16000K, reserved 1048576K
}
Event: 5460.110 GC heap before
{Heap before GC invocations=53 (full 7):
 PSYoungGen      total 310784K, used 275581K [0x00000000e0000000, 0x00000000f5680000, 0x0000000100000000)
  eden space 276480K, 99% used [0x00000000e0000000,0x00000000f0d1f4b8,0x00000000f0e00000)
  from space 34304K, 0% used [0x00000000f3100000,0x00000000f3100000,0x00000000f5280000)
  to   space 35840K, 0% used [0x00000000f0e00000,0x00000000f0e00000,0x00000000f3100000)
 ParOldGen       total 178688K, used 178309K [0x00000000a0000000, 0x00000000aae80000, 0x00000000e0000000)
  object space 178688K, 99% used [0x00000000a0000000,0x00000000aae216a8,0x00000000aae80000)
 Metaspace       used 112715K, capacity 120008K, committed 120396K, reserved 1153024K
  class space    used 14259K, capacity 15927K, committed 16000K, reserved 1048576K
Event: 5460.406 GC heap after
Heap after GC invocations=53 (full 7):
 PSYoungGen      total 310784K, used 0K [0x00000000e0000000, 0x00000000f5680000, 0x0000000100000000)
  eden space 276480K, 0% used [0x00000000e0000000,0x00000000e0000000,0x00000000f0e00000)
  from space 34304K, 0% used [0x00000000f3100000,0x00000000f3100000,0x00000000f5280000)
  to   space 35840K, 0% used [0x00000000f0e00000,0x00000000f0e00000,0x00000000f3100000)
 ParOldGen       total 178688K, used 110330K [0x00000000a0000000, 0x00000000aae80000, 0x00000000e0000000)
  object space 178688K, 61% used [0x00000000a0000000,0x00000000a6bbe830,0x00000000aae80000)
 Metaspace       used 112715K, capacity 120008K, committed 120396K, reserved 1153024K
  class space    used 14259K, capacity 15927K, committed 16000K, reserved 1048576K
}
Event: 5506.877 GC heap before
{Heap before GC invocations=54 (full 7):
 PSYoungGen      total 310784K, used 276480K [0x00000000e0000000, 0x00000000f5680000, 0x0000000100000000)
  eden space 276480K, 100% used [0x00000000e0000000,0x00000000f0e00000,0x00000000f0e00000)
  from space 34304K, 0% used [0x00000000f3100000,0x00000000f3100000,0x00000000f5280000)
  to   space 35840K, 0% used [0x00000000f0e00000,0x00000000f0e00000,0x00000000f3100000)
 ParOldGen       total 178688K, used 110330K [0x00000000a0000000, 0x00000000aae80000, 0x00000000e0000000)
  object space 178688K, 61% used [0x00000000a0000000,0x00000000a6bbe830,0x00000000aae80000)
 Metaspace       used 114010K, capacity 121686K, committed 121932K, reserved 1155072K
  class space    used 14463K, capacity 16224K, committed 16256K, reserved 1048576K
Event: 5506.977 GC heap after
Heap after GC invocations=54 (full 7):
 PSYoungGen      total 312320K, used 5637K [0x00000000e0000000, 0x00000000f9a00000, 0x0000000100000000)
  eden space 276480K, 0% used [0x00000000e0000000,0x00000000e0000000,0x00000000f0e00000)
  from space 35840K, 15% used [0x00000000f0e00000,0x00000000f1381670,0x00000000f3100000)
  to   space 65024K, 0% used [0x00000000f5a80000,0x00000000f5a80000,0x00000000f9a00000)
 ParOldGen       total 178688K, used 110338K [0x00000000a0000000, 0x00000000aae80000, 0x00000000e0000000)
  object space 178688K, 61% used [0x00000000a0000000,0x00000000a6bc0830,0x00000000aae80000)
 Metaspace       used 114010K, capacity 121686K, committed 121932K, reserved 1155072K
  class space    used 14463K, capacity 16224K, committed 16256K, reserved 1048576K
}

