# JRE version: OpenJDK Runtime Environment (8.0_152-b01) (build 1.8.0_152-release-915-b01)
# Java VM: OpenJDK 64-Bit Server VM (25.152-b01 mixed mode windows-amd64 compressed oops)
Heap:
 PSYoungGen      total 26624K, used 6509K [0x00000000e0000000, 0x00000000e2580000, 0x0000000100000000)
  eden space 24064K, 16% used [0x00000000e0000000,0x00000000e03dc7a8,0x00000000e1780000)
  from space 2560K, 99% used [0x00000000e2280000,0x00000000e24fee70,0x00000000e2500000)
  to   space 7168K, 0% used [0x00000000e1780000,0x00000000e1780000,0x00000000e1e80000)
 ParOldGen       total 36352K, used 7757K [0x00000000a0000000, 0x00000000a2380000, 0x00000000e0000000)
  object space 36352K, 21% used [0x00000000a0000000,0x00000000a0793420,0x00000000a2380000)
 Metaspace       used 24640K, capacity 25192K, committed 25472K, reserved 1071104K
  class space    used 3180K, capacity 3332K, committed 3456K, reserved 1048576K
GC Heap History (10 events):
Event: 2.275 GC heap before
{Heap before GC invocations=4 (full 1):
 PSYoungGen      total 18944K, used 18940K [0x00000000e0000000, 0x00000000e1500000, 0x0000000100000000)
  eden space 16384K, 100% used [0x00000000e0000000,0x00000000e1000000,0x00000000e1000000)
  from space 2560K, 99% used [0x00000000e1280000,0x00000000e14ff3a8,0x00000000e1500000)
  to   space 2560K, 0% used [0x00000000e1000000,0x00000000e1000000,0x00000000e1280000)
 ParOldGen       total 44032K, used 4626K [0x00000000a0000000, 0x00000000a2b00000, 0x00000000e0000000)
  object space 44032K, 10% used [0x00000000a0000000,0x00000000a0484810,0x00000000a2b00000)
 Metaspace       used 15631K, capacity 15886K, committed 16128K, reserved 1062912K
  class space    used 1849K, capacity 1923K, committed 2048K, reserved 1048576K
Event: 2.280 GC heap after
Heap after GC invocations=4 (full 1):
 PSYoungGen      total 18944K, used 2544K [0x00000000e0000000, 0x00000000e1500000, 0x0000000100000000)
  eden space 16384K, 0% used [0x00000000e0000000,0x00000000e0000000,0x00000000e1000000)
  from space 2560K, 99% used [0x00000000e1000000,0x00000000e127c010,0x00000000e1280000)
  to   space 2560K, 0% used [0x00000000e1280000,0x00000000e1280000,0x00000000e1500000)
 ParOldGen       total 44032K, used 7574K [0x00000000a0000000, 0x00000000a2b00000, 0x00000000e0000000)
  object space 44032K, 17% used [0x00000000a0000000,0x00000000a07659b0,0x00000000a2b00000)
 Metaspace       used 15631K, capacity 15886K, committed 16128K, reserved 1062912K
  class space    used 1849K, capacity 1923K, committed 2048K, reserved 1048576K
}
Event: 2.609 GC heap before
{Heap before GC invocations=5 (full 1):
 PSYoungGen      total 18944K, used 18928K [0x00000000e0000000, 0x00000000e1500000, 0x0000000100000000)
  eden space 16384K, 100% used [0x00000000e0000000,0x00000000e1000000,0x00000000e1000000)
  from space 2560K, 99% used [0x00000000e1000000,0x00000000e127c010,0x00000000e1280000)
  to   space 2560K, 0% used [0x00000000e1280000,0x00000000e1280000,0x00000000e1500000)
 ParOldGen       total 44032K, used 7574K [0x00000000a0000000, 0x00000000a2b00000, 0x00000000e0000000)
  object space 44032K, 17% used [0x00000000a0000000,0x00000000a07659b0,0x00000000a2b00000)
 Metaspace       used 19169K, capacity 19540K, committed 19840K, reserved 1067008K
  class space    used 2326K, capacity 2414K, committed 2432K, reserved 1048576K
Event: 2.618 GC heap after
Heap after GC invocations=5 (full 1):
 PSYoungGen      total 18944K, used 2544K [0x00000000e0000000, 0x00000000e2500000, 0x0000000100000000)
  eden space 16384K, 0% used [0x00000000e0000000,0x00000000e0000000,0x00000000e1000000)
  from space 2560K, 99% used [0x00000000e1280000,0x00000000e14fc010,0x00000000e1500000)
  to   space 2560K, 0% used [0x00000000e1000000,0x00000000e1000000,0x00000000e1280000)
 ParOldGen       total 44032K, used 11333K [0x00000000a0000000, 0x00000000a2b00000, 0x00000000e0000000)
  object space 44032K, 25% used [0x00000000a0000000,0x00000000a0b11488,0x00000000a2b00000)
 Metaspace       used 19169K, capacity 19540K, committed 19840K, reserved 1067008K
  class space    used 2326K, capacity 2414K, committed 2432K, reserved 1048576K
}
Event: 2.753 GC heap before
{Heap before GC invocations=6 (full 1):
 PSYoungGen      total 18944K, used 10793K [0x00000000e0000000, 0x00000000e2500000, 0x0000000100000000)
  eden space 16384K, 50% used [0x00000000e0000000,0x00000000e080e508,0x00000000e1000000)
  from space 2560K, 99% used [0x00000000e1280000,0x00000000e14fc010,0x00000000e1500000)
  to   space 2560K, 0% used [0x00000000e1000000,0x00000000e1000000,0x00000000e1280000)
 ParOldGen       total 44032K, used 11333K [0x00000000a0000000, 0x00000000a2b00000, 0x00000000e0000000)
  object space 44032K, 25% used [0x00000000a0000000,0x00000000a0b11488,0x00000000a2b00000)
 Metaspace       used 20710K, capacity 21076K, committed 21296K, reserved 1069056K
  class space    used 2546K, capacity 2652K, committed 2688K, reserved 1048576K
Event: 2.757 GC heap after
Heap after GC invocations=6 (full 1):
 PSYoungGen      total 18944K, used 2544K [0x00000000e0000000, 0x00000000e2500000, 0x0000000100000000)
  eden space 16384K, 0% used [0x00000000e0000000,0x00000000e0000000,0x00000000e1000000)
  from space 2560K, 99% used [0x00000000e1000000,0x00000000e127c010,0x00000000e1280000)
  to   space 2560K, 0% used [0x00000000e2280000,0x00000000e2280000,0x00000000e2500000)
 ParOldGen       total 44032K, used 13039K [0x00000000a0000000, 0x00000000a2b00000, 0x00000000e0000000)
  object space 44032K, 29% used [0x00000000a0000000,0x00000000a0cbbda0,0x00000000a2b00000)
 Metaspace       used 20710K, capacity 21076K, committed 21296K, reserved 1069056K
  class space    used 2546K, capacity 2652K, committed 2688K, reserved 1048576K
}
Event: 2.757 GC heap before
{Heap before GC invocations=7 (full 2):
 PSYoungGen      total 18944K, used 2544K [0x00000000e0000000, 0x00000000e2500000, 0x0000000100000000)
  eden space 16384K, 0% used [0x00000000e0000000,0x00000000e0000000,0x00000000e1000000)
  from space 2560K, 99% used [0x00000000e1000000,0x00000000e127c010,0x00000000e1280000)
  to   space 2560K, 0% used [0x00000000e2280000,0x00000000e2280000,0x00000000e2500000)
 ParOldGen       total 44032K, used 13039K [0x00000000a0000000, 0x00000000a2b00000, 0x00000000e0000000)
  object space 44032K, 29% used [0x00000000a0000000,0x00000000a0cbbda0,0x00000000a2b00000)
 Metaspace       used 20710K, capacity 21076K, committed 21296K, reserved 1069056K
  class space    used 2546K, capacity 2652K, committed 2688K, reserved 1048576K
Event: 2.800 GC heap after
Heap after GC invocations=7 (full 2):
 PSYoungGen      total 18944K, used 0K [0x00000000e0000000, 0x00000000e2500000, 0x0000000100000000)
  eden space 16384K, 0% used [0x00000000e0000000,0x00000000e0000000,0x00000000e1000000)
  from space 2560K, 0% used [0x00000000e1000000,0x00000000e1000000,0x00000000e1280000)
  to   space 2560K, 0% used [0x00000000e2280000,0x00000000e2280000,0x00000000e2500000)
 ParOldGen       total 36352K, used 6488K [0x00000000a0000000, 0x00000000a2380000, 0x00000000e0000000)
  object space 36352K, 17% used [0x00000000a0000000,0x00000000a0656300,0x00000000a2380000)
 Metaspace       used 20710K, capacity 21076K, committed 21296K, reserved 1069056K
  class space    used 2546K, capacity 2652K, committed 2688K, reserved 1048576K
}
Event: 3.142 GC heap before
{Heap before GC invocations=8 (full 2):
 PSYoungGen      total 18944K, used 16384K [0x00000000e0000000, 0x00000000e2500000, 0x0000000100000000)
  eden space 16384K, 100% used [0x00000000e0000000,0x00000000e1000000,0x00000000e1000000)
  from space 2560K, 0% used [0x00000000e1000000,0x00000000e1000000,0x00000000e1280000)
  to   space 2560K, 0% used [0x00000000e2280000,0x00000000e2280000,0x00000000e2500000)
 ParOldGen       total 36352K, used 6488K [0x00000000a0000000, 0x00000000a2380000, 0x00000000e0000000)
  object space 36352K, 17% used [0x00000000a0000000,0x00000000a0656300,0x00000000a2380000)
 Metaspace       used 24047K, capacity 24484K, committed 24832K, reserved 1071104K
  class space    used 3107K, capacity 3256K, committed 3328K, reserved 1048576K
Event: 3.146 GC heap after
Heap after GC invocations=8 (full 2):
 PSYoungGen      total 26624K, used 2555K [0x00000000e0000000, 0x00000000e2580000, 0x0000000100000000)
  eden space 24064K, 0% used [0x00000000e0000000,0x00000000e0000000,0x00000000e1780000)
  from space 2560K, 99% used [0x00000000e2280000,0x00000000e24fee70,0x00000000e2500000)
  to   space 7168K, 0% used [0x00000000e1780000,0x00000000e1780000,0x00000000e1e80000)
 ParOldGen       total 36352K, used 7757K [0x00000000a0000000, 0x00000000a2380000, 0x00000000e0000000)
  object space 36352K, 21% used [0x00000000a0000000,0x00000000a0793420,0x00000000a2380000)
 Metaspace       used 24047K, capacity 24484K, committed 24832K, reserved 1071104K
  class space    used 3107K, capacity 3256K, committed 3328K, reserved 1048576K
}

