# JRE version: OpenJDK Runtime Environment (8.0_152-b01) (build 1.8.0_152-release-915-b01)
# Java VM: OpenJDK 64-Bit Server VM (25.152-b01 mixed mode windows-amd64 compressed oops)
Heap:
 PSYoungGen      total 18944K, used 14021K [0x00000000e0000000, 0x00000000e2500000, 0x0000000100000000)
  eden space 16384K, 85% used [0x00000000e0000000,0x00000000e0db1478,0x00000000e1000000)
  from space 2560K, 0% used [0x00000000e1000000,0x00000000e1000000,0x00000000e1280000)
  to   space 2560K, 0% used [0x00000000e2280000,0x00000000e2280000,0x00000000e2500000)
 ParOldGen       total 35328K, used 6563K [0x00000000a0000000, 0x00000000a2280000, 0x00000000e0000000)
  object space 35328K, 18% used [0x00000000a0000000,0x00000000a0668f18,0x00000000a2280000)
 Metaspace       used 23533K, capacity 23984K, committed 24448K, reserved 1071104K
  class space    used 3035K, capacity 3150K, committed 3200K, reserved 1048576K
GC Heap History (10 events):
Event: 3.011 GC heap before
{Heap before GC invocations=3 (full 1):
 PSYoungGen      total 18944K, used 16384K [0x00000000e0000000, 0x00000000e1500000, 0x0000000100000000)
  eden space 16384K, 100% used [0x00000000e0000000,0x00000000e1000000,0x00000000e1000000)
  from space 2560K, 0% used [0x00000000e1000000,0x00000000e1000000,0x00000000e1280000)
  to   space 2560K, 0% used [0x00000000e1280000,0x00000000e1280000,0x00000000e1500000)
 ParOldGen       total 44032K, used 3005K [0x00000000a0000000, 0x00000000a2b00000, 0x00000000e0000000)
  object space 44032K, 6% used [0x00000000a0000000,0x00000000a02ef418,0x00000000a2b00000)
 Metaspace       used 12091K, capacity 12388K, committed 12544K, reserved 1060864K
  class space    used 1377K, capacity 1468K, committed 1536K, reserved 1048576K
Event: 3.016 GC heap after
Heap after GC invocations=3 (full 1):
 PSYoungGen      total 18944K, used 2540K [0x00000000e0000000, 0x00000000e1500000, 0x0000000100000000)
  eden space 16384K, 0% used [0x00000000e0000000,0x00000000e0000000,0x00000000e1000000)
  from space 2560K, 99% used [0x00000000e1280000,0x00000000e14fb358,0x00000000e1500000)
  to   space 2560K, 0% used [0x00000000e1000000,0x00000000e1000000,0x00000000e1280000)
 ParOldGen       total 44032K, used 4600K [0x00000000a0000000, 0x00000000a2b00000, 0x00000000e0000000)
  object space 44032K, 10% used [0x00000000a0000000,0x00000000a047e228,0x00000000a2b00000)
 Metaspace       used 12091K, capacity 12388K, committed 12544K, reserved 1060864K
  class space    used 1377K, capacity 1468K, committed 1536K, reserved 1048576K
}
Event: 3.518 GC heap before
{Heap before GC invocations=4 (full 1):
 PSYoungGen      total 18944K, used 18924K [0x00000000e0000000, 0x00000000e1500000, 0x0000000100000000)
  eden space 16384K, 100% used [0x00000000e0000000,0x00000000e1000000,0x00000000e1000000)
  from space 2560K, 99% used [0x00000000e1280000,0x00000000e14fb358,0x00000000e1500000)
  to   space 2560K, 0% used [0x00000000e1000000,0x00000000e1000000,0x00000000e1280000)
 ParOldGen       total 44032K, used 4600K [0x00000000a0000000, 0x00000000a2b00000, 0x00000000e0000000)
  object space 44032K, 10% used [0x00000000a0000000,0x00000000a047e228,0x00000000a2b00000)
 Metaspace       used 15560K, capacity 15886K, committed 16128K, reserved 1062912K
  class space    used 1842K, capacity 1923K, committed 2048K, reserved 1048576K
Event: 3.523 GC heap after
Heap after GC invocations=4 (full 1):
 PSYoungGen      total 18944K, used 2544K [0x00000000e0000000, 0x00000000e1500000, 0x0000000100000000)
  eden space 16384K, 0% used [0x00000000e0000000,0x00000000e0000000,0x00000000e1000000)
  from space 2560K, 99% used [0x00000000e1000000,0x00000000e127c010,0x00000000e1280000)
  to   space 2560K, 0% used [0x00000000e1280000,0x00000000e1280000,0x00000000e1500000)
 ParOldGen       total 44032K, used 7692K [0x00000000a0000000, 0x00000000a2b00000, 0x00000000e0000000)
  object space 44032K, 17% used [0x00000000a0000000,0x00000000a0783378,0x00000000a2b00000)
 Metaspace       used 15560K, capacity 15886K, committed 16128K, reserved 1062912K
  class space    used 1842K, capacity 1923K, committed 2048K, reserved 1048576K
}
Event: 3.962 GC heap before
{Heap before GC invocations=5 (full 1):
 PSYoungGen      total 18944K, used 18928K [0x00000000e0000000, 0x00000000e1500000, 0x0000000100000000)
  eden space 16384K, 100% used [0x00000000e0000000,0x00000000e1000000,0x00000000e1000000)
  from space 2560K, 99% used [0x00000000e1000000,0x00000000e127c010,0x00000000e1280000)
  to   space 2560K, 0% used [0x00000000e1280000,0x00000000e1280000,0x00000000e1500000)
 ParOldGen       total 44032K, used 7692K [0x00000000a0000000, 0x00000000a2b00000, 0x00000000e0000000)
  object space 44032K, 17% used [0x00000000a0000000,0x00000000a0783378,0x00000000a2b00000)
 Metaspace       used 19058K, capacity 19474K, committed 19584K, reserved 1067008K
  class space    used 2311K, capacity 2413K, committed 2432K, reserved 1048576K
Event: 3.968 GC heap after
Heap after GC invocations=5 (full 1):
 PSYoungGen      total 18944K, used 2528K [0x00000000e0000000, 0x00000000e1500000, 0x0000000100000000)
  eden space 16384K, 0% used [0x00000000e0000000,0x00000000e0000000,0x00000000e1000000)
  from space 2560K, 98% used [0x00000000e1280000,0x00000000e14f8020,0x00000000e1500000)
  to   space 2560K, 0% used [0x00000000e1000000,0x00000000e1000000,0x00000000e1280000)
 ParOldGen       total 44032K, used 11343K [0x00000000a0000000, 0x00000000a2b00000, 0x00000000e0000000)
  object space 44032K, 25% used [0x00000000a0000000,0x00000000a0b13e88,0x00000000a2b00000)
 Metaspace       used 19058K, capacity 19474K, committed 19584K, reserved 1067008K
  class space    used 2311K, capacity 2413K, committed 2432K, reserved 1048576K
}
Event: 4.128 GC heap before
{Heap before GC invocations=6 (full 1):
 PSYoungGen      total 18944K, used 11174K [0x00000000e0000000, 0x00000000e1500000, 0x0000000100000000)
  eden space 16384K, 52% used [0x00000000e0000000,0x00000000e0871800,0x00000000e1000000)
  from space 2560K, 98% used [0x00000000e1280000,0x00000000e14f8020,0x00000000e1500000)
  to   space 2560K, 0% used [0x00000000e1000000,0x00000000e1000000,0x00000000e1280000)
 ParOldGen       total 44032K, used 11343K [0x00000000a0000000, 0x00000000a2b00000, 0x00000000e0000000)
  object space 44032K, 25% used [0x00000000a0000000,0x00000000a0b13e88,0x00000000a2b00000)
 Metaspace       used 20701K, capacity 21076K, committed 21296K, reserved 1069056K
  class space    used 2548K, capacity 2652K, committed 2688K, reserved 1048576K
Event: 4.133 GC heap after
Heap after GC invocations=6 (full 1):
 PSYoungGen      total 18944K, used 2544K [0x00000000e0000000, 0x00000000e2500000, 0x0000000100000000)
  eden space 16384K, 0% used [0x00000000e0000000,0x00000000e0000000,0x00000000e1000000)
  from space 2560K, 99% used [0x00000000e1000000,0x00000000e127c030,0x00000000e1280000)
  to   space 2560K, 0% used [0x00000000e2280000,0x00000000e2280000,0x00000000e2500000)
 ParOldGen       total 44032K, used 13130K [0x00000000a0000000, 0x00000000a2b00000, 0x00000000e0000000)
  object space 44032K, 29% used [0x00000000a0000000,0x00000000a0cd2900,0x00000000a2b00000)
 Metaspace       used 20701K, capacity 21076K, committed 21296K, reserved 1069056K
  class space    used 2548K, capacity 2652K, committed 2688K, reserved 1048576K
}
Event: 4.133 GC heap before
{Heap before GC invocations=7 (full 2):
 PSYoungGen      total 18944K, used 2544K [0x00000000e0000000, 0x00000000e2500000, 0x0000000100000000)
  eden space 16384K, 0% used [0x00000000e0000000,0x00000000e0000000,0x00000000e1000000)
  from space 2560K, 99% used [0x00000000e1000000,0x00000000e127c030,0x00000000e1280000)
  to   space 2560K, 0% used [0x00000000e2280000,0x00000000e2280000,0x00000000e2500000)
 ParOldGen       total 44032K, used 13130K [0x00000000a0000000, 0x00000000a2b00000, 0x00000000e0000000)
  object space 44032K, 29% used [0x00000000a0000000,0x00000000a0cd2900,0x00000000a2b00000)
 Metaspace       used 20701K, capacity 21076K, committed 21296K, reserved 1069056K
  class space    used 2548K, capacity 2652K, committed 2688K, reserved 1048576K
Event: 4.171 GC heap after
Heap after GC invocations=7 (full 2):
 PSYoungGen      total 18944K, used 0K [0x00000000e0000000, 0x00000000e2500000, 0x0000000100000000)
  eden space 16384K, 0% used [0x00000000e0000000,0x00000000e0000000,0x00000000e1000000)
  from space 2560K, 0% used [0x00000000e1000000,0x00000000e1000000,0x00000000e1280000)
  to   space 2560K, 0% used [0x00000000e2280000,0x00000000e2280000,0x00000000e2500000)
 ParOldGen       total 35328K, used 6563K [0x00000000a0000000, 0x00000000a2280000, 0x00000000e0000000)
  object space 35328K, 18% used [0x00000000a0000000,0x00000000a0668f18,0x00000000a2280000)
 Metaspace       used 20701K, capacity 21076K, committed 21296K, reserved 1069056K
  class space    used 2548K, capacity 2652K, committed 2688K, reserved 1048576K
}

