# JRE version: OpenJDK Runtime Environment (8.0_152-b01) (build 1.8.0_152-release-915-b01)
# Java VM: OpenJDK 64-Bit Server VM (25.152-b01 mixed mode windows-amd64 compressed oops)
Heap:
 PSYoungGen      total 35328K, used 12760K [0x00000000e0000000, 0x00000000e2500000, 0x0000000100000000)
  eden space 32768K, 38% used [0x00000000e0000000,0x00000000e0c76108,0x00000000e2000000)
  from space 2560K, 0% used [0x00000000e2000000,0x00000000e2000000,0x00000000e2280000)
  to   space 2560K, 0% used [0x00000000e2280000,0x00000000e2280000,0x00000000e2500000)
 ParOldGen       total 35840K, used 6048K [0x00000000a0000000, 0x00000000a2300000, 0x00000000e0000000)
  object space 35840K, 16% used [0x00000000a0000000,0x00000000a05e80b0,0x00000000a2300000)
 Metaspace       used 22848K, capacity 23336K, committed 23680K, reserved 1071104K
  class space    used 2951K, capacity 3080K, committed 3200K, reserved 1048576K
GC Heap History (10 events):
Event: 1.079 GC heap before
{Heap before GC invocations=3 (full 1):
 PSYoungGen      total 18944K, used 16384K [0x00000000e0000000, 0x00000000e1500000, 0x0000000100000000)
  eden space 16384K, 100% used [0x00000000e0000000,0x00000000e1000000,0x00000000e1000000)
  from space 2560K, 0% used [0x00000000e1000000,0x00000000e1000000,0x00000000e1280000)
  to   space 2560K, 0% used [0x00000000e1280000,0x00000000e1280000,0x00000000e1500000)
 ParOldGen       total 44032K, used 3119K [0x00000000a0000000, 0x00000000a2b00000, 0x00000000e0000000)
  object space 44032K, 7% used [0x00000000a0000000,0x00000000a030bd98,0x00000000a2b00000)
 Metaspace       used 12248K, capacity 12516K, committed 12800K, reserved 1060864K
  class space    used 1398K, capacity 1468K, committed 1536K, reserved 1048576K
Event: 1.084 GC heap after
Heap after GC invocations=3 (full 1):
 PSYoungGen      total 18944K, used 2558K [0x00000000e0000000, 0x00000000e1500000, 0x0000000100000000)
  eden space 16384K, 0% used [0x00000000e0000000,0x00000000e0000000,0x00000000e1000000)
  from space 2560K, 99% used [0x00000000e1280000,0x00000000e14ff8e8,0x00000000e1500000)
  to   space 2560K, 0% used [0x00000000e1000000,0x00000000e1000000,0x00000000e1280000)
 ParOldGen       total 44032K, used 4750K [0x00000000a0000000, 0x00000000a2b00000, 0x00000000e0000000)
  object space 44032K, 10% used [0x00000000a0000000,0x00000000a04a3920,0x00000000a2b00000)
 Metaspace       used 12248K, capacity 12516K, committed 12800K, reserved 1060864K
  class space    used 1398K, capacity 1468K, committed 1536K, reserved 1048576K
}
Event: 1.373 GC heap before
{Heap before GC invocations=4 (full 1):
 PSYoungGen      total 18944K, used 18942K [0x00000000e0000000, 0x00000000e1500000, 0x0000000100000000)
  eden space 16384K, 100% used [0x00000000e0000000,0x00000000e1000000,0x00000000e1000000)
  from space 2560K, 99% used [0x00000000e1280000,0x00000000e14ff8e8,0x00000000e1500000)
  to   space 2560K, 0% used [0x00000000e1000000,0x00000000e1000000,0x00000000e1280000)
 ParOldGen       total 44032K, used 4750K [0x00000000a0000000, 0x00000000a2b00000, 0x00000000e0000000)
  object space 44032K, 10% used [0x00000000a0000000,0x00000000a04a3920,0x00000000a2b00000)
 Metaspace       used 15762K, capacity 16014K, committed 16384K, reserved 1062912K
  class space    used 1859K, capacity 1923K, committed 2048K, reserved 1048576K
Event: 1.379 GC heap after
Heap after GC invocations=4 (full 1):
 PSYoungGen      total 18944K, used 2529K [0x00000000e0000000, 0x00000000e2500000, 0x0000000100000000)
  eden space 16384K, 0% used [0x00000000e0000000,0x00000000e0000000,0x00000000e1000000)
  from space 2560K, 98% used [0x00000000e1000000,0x00000000e1278748,0x00000000e1280000)
  to   space 2560K, 0% used [0x00000000e2280000,0x00000000e2280000,0x00000000e2500000)
 ParOldGen       total 44032K, used 7790K [0x00000000a0000000, 0x00000000a2b00000, 0x00000000e0000000)
  object space 44032K, 17% used [0x00000000a0000000,0x00000000a079b928,0x00000000a2b00000)
 Metaspace       used 15762K, capacity 16014K, committed 16384K, reserved 1062912K
  class space    used 1859K, capacity 1923K, committed 2048K, reserved 1048576K
}
Event: 1.774 GC heap before
{Heap before GC invocations=5 (full 1):
 PSYoungGen      total 18944K, used 18913K [0x00000000e0000000, 0x00000000e2500000, 0x0000000100000000)
  eden space 16384K, 100% used [0x00000000e0000000,0x00000000e1000000,0x00000000e1000000)
  from space 2560K, 98% used [0x00000000e1000000,0x00000000e1278748,0x00000000e1280000)
  to   space 2560K, 0% used [0x00000000e2280000,0x00000000e2280000,0x00000000e2500000)
 ParOldGen       total 44032K, used 7790K [0x00000000a0000000, 0x00000000a2b00000, 0x00000000e0000000)
  object space 44032K, 17% used [0x00000000a0000000,0x00000000a079b928,0x00000000a2b00000)
 Metaspace       used 19220K, capacity 19622K, committed 19840K, reserved 1067008K
  class space    used 2328K, capacity 2417K, committed 2432K, reserved 1048576K
Event: 1.781 GC heap after
Heap after GC invocations=5 (full 1):
 PSYoungGen      total 35328K, used 2533K [0x00000000e0000000, 0x00000000e2500000, 0x0000000100000000)
  eden space 32768K, 0% used [0x00000000e0000000,0x00000000e0000000,0x00000000e2000000)
  from space 2560K, 98% used [0x00000000e2280000,0x00000000e24f9610,0x00000000e2500000)
  to   space 2560K, 0% used [0x00000000e2000000,0x00000000e2000000,0x00000000e2280000)
 ParOldGen       total 44032K, used 11411K [0x00000000a0000000, 0x00000000a2b00000, 0x00000000e0000000)
  object space 44032K, 25% used [0x00000000a0000000,0x00000000a0b24ce8,0x00000000a2b00000)
 Metaspace       used 19220K, capacity 19622K, committed 19840K, reserved 1067008K
  class space    used 2328K, capacity 2417K, committed 2432K, reserved 1048576K
}
Event: 1.860 GC heap before
{Heap before GC invocations=6 (full 1):
 PSYoungGen      total 35328K, used 9126K [0x00000000e0000000, 0x00000000e2500000, 0x0000000100000000)
  eden space 32768K, 20% used [0x00000000e0000000,0x00000000e06702a0,0x00000000e2000000)
  from space 2560K, 98% used [0x00000000e2280000,0x00000000e24f9610,0x00000000e2500000)
  to   space 2560K, 0% used [0x00000000e2000000,0x00000000e2000000,0x00000000e2280000)
 ParOldGen       total 44032K, used 11411K [0x00000000a0000000, 0x00000000a2b00000, 0x00000000e0000000)
  object space 44032K, 25% used [0x00000000a0000000,0x00000000a0b24ce8,0x00000000a2b00000)
 Metaspace       used 20269K, capacity 20646K, committed 20864K, reserved 1071104K
  class space    used 2497K, capacity 2591K, committed 2688K, reserved 1048576K
Event: 1.866 GC heap after
Heap after GC invocations=6 (full 1):
 PSYoungGen      total 35328K, used 2544K [0x00000000e0000000, 0x00000000e2500000, 0x0000000100000000)
  eden space 32768K, 0% used [0x00000000e0000000,0x00000000e0000000,0x00000000e2000000)
  from space 2560K, 99% used [0x00000000e2000000,0x00000000e227c010,0x00000000e2280000)
  to   space 2560K, 0% used [0x00000000e2280000,0x00000000e2280000,0x00000000e2500000)
 ParOldGen       total 44032K, used 12609K [0x00000000a0000000, 0x00000000a2b00000, 0x00000000e0000000)
  object space 44032K, 28% used [0x00000000a0000000,0x00000000a0c506c8,0x00000000a2b00000)
 Metaspace       used 20269K, capacity 20646K, committed 20864K, reserved 1071104K
  class space    used 2497K, capacity 2591K, committed 2688K, reserved 1048576K
}
Event: 1.866 GC heap before
{Heap before GC invocations=7 (full 2):
 PSYoungGen      total 35328K, used 2544K [0x00000000e0000000, 0x00000000e2500000, 0x0000000100000000)
  eden space 32768K, 0% used [0x00000000e0000000,0x00000000e0000000,0x00000000e2000000)
  from space 2560K, 99% used [0x00000000e2000000,0x00000000e227c010,0x00000000e2280000)
  to   space 2560K, 0% used [0x00000000e2280000,0x00000000e2280000,0x00000000e2500000)
 ParOldGen       total 44032K, used 12609K [0x00000000a0000000, 0x00000000a2b00000, 0x00000000e0000000)
  object space 44032K, 28% used [0x00000000a0000000,0x00000000a0c506c8,0x00000000a2b00000)
 Metaspace       used 20269K, capacity 20646K, committed 20864K, reserved 1071104K
  class space    used 2497K, capacity 2591K, committed 2688K, reserved 1048576K
Event: 1.908 GC heap after
Heap after GC invocations=7 (full 2):
 PSYoungGen      total 35328K, used 0K [0x00000000e0000000, 0x00000000e2500000, 0x0000000100000000)
  eden space 32768K, 0% used [0x00000000e0000000,0x00000000e0000000,0x00000000e2000000)
  from space 2560K, 0% used [0x00000000e2000000,0x00000000e2000000,0x00000000e2280000)
  to   space 2560K, 0% used [0x00000000e2280000,0x00000000e2280000,0x00000000e2500000)
 ParOldGen       total 35840K, used 6048K [0x00000000a0000000, 0x00000000a2300000, 0x00000000e0000000)
  object space 35840K, 16% used [0x00000000a0000000,0x00000000a05e80b0,0x00000000a2300000)
 Metaspace       used 20269K, capacity 20646K, committed 20864K, reserved 1069056K
  class space    used 2497K, capacity 2591K, committed 2688K, reserved 1048576K
}

