# JRE version: OpenJDK Runtime Environment (8.0_152-b01) (build 1.8.0_152-release-915-b01)
# Java VM: OpenJDK 64-Bit Server VM (25.152-b01 mixed mode windows-amd64 compressed oops)
Heap:
 PSYoungGen      total 209920K, used 63665K [0x00000000e0000000, 0x00000000eec80000, 0x0000000100000000)
  eden space 195072K, 28% used [0x00000000e0000000,0x00000000e36a7fb8,0x00000000ebe80000)
  from space 14848K, 51% used [0x00000000ede00000,0x00000000ee5845d0,0x00000000eec80000)
  to   space 23552K, 0% used [0x00000000ebe80000,0x00000000ebe80000,0x00000000ed580000)
 ParOldGen       total 78336K, used 58277K [0x00000000a0000000, 0x00000000a4c80000, 0x00000000e0000000)
  object space 78336K, 74% used [0x00000000a0000000,0x00000000a38e97b8,0x00000000a4c80000)
 Metaspace       used 83673K, capacity 89216K, committed 89492K, reserved 1126400K
  class space    used 10929K, capacity 12145K, committed 12220K, reserved 1048576K
GC Heap History (10 events):
Event: 108.561 GC heap before
{Heap before GC invocations=21 (full 3):
 PSYoungGen      total 215040K, used 212209K [0x00000000e0000000, 0x00000000eea80000, 0x0000000100000000)
  eden space 197632K, 100% used [0x00000000e0000000,0x00000000ec100000,0x00000000ec100000)
  from space 17408K, 83% used [0x00000000ec100000,0x00000000ecf3c600,0x00000000ed200000)
  to   space 19456K, 0% used [0x00000000ed780000,0x00000000ed780000,0x00000000eea80000)
 ParOldGen       total 78336K, used 49174K [0x00000000a0000000, 0x00000000a4c80000, 0x00000000e0000000)
  object space 78336K, 62% used [0x00000000a0000000,0x00000000a3005a90,0x00000000a4c80000)
 Metaspace       used 72338K, capacity 75848K, committed 76180K, reserved 1116160K
  class space    used 9532K, capacity 10351K, committed 10428K, reserved 1048576K
Event: 108.589 GC heap after
Heap after GC invocations=21 (full 3):
 PSYoungGen      total 219648K, used 14028K [0x00000000e0000000, 0x00000000efb00000, 0x0000000100000000)
  eden space 200192K, 0% used [0x00000000e0000000,0x00000000e0000000,0x00000000ec380000)
  from space 19456K, 72% used [0x00000000ed780000,0x00000000ee5332e8,0x00000000eea80000)
  to   space 20480K, 0% used [0x00000000ec380000,0x00000000ec380000,0x00000000ed780000)
 ParOldGen       total 78336K, used 49182K [0x00000000a0000000, 0x00000000a4c80000, 0x00000000e0000000)
  object space 78336K, 62% used [0x00000000a0000000,0x00000000a3007a90,0x00000000a4c80000)
 Metaspace       used 72338K, capacity 75848K, committed 76180K, reserved 1116160K
  class space    used 9532K, capacity 10351K, committed 10428K, reserved 1048576K
}
Event: 345.435 GC heap before
{Heap before GC invocations=22 (full 3):
 PSYoungGen      total 219648K, used 214220K [0x00000000e0000000, 0x00000000efb00000, 0x0000000100000000)
  eden space 200192K, 100% used [0x00000000e0000000,0x00000000ec380000,0x00000000ec380000)
  from space 19456K, 72% used [0x00000000ed780000,0x00000000ee5332e8,0x00000000eea80000)
  to   space 20480K, 0% used [0x00000000ec380000,0x00000000ec380000,0x00000000ed780000)
 ParOldGen       total 78336K, used 49182K [0x00000000a0000000, 0x00000000a4c80000, 0x00000000e0000000)
  object space 78336K, 62% used [0x00000000a0000000,0x00000000a3007a90,0x00000000a4c80000)
 Metaspace       used 75614K, capacity 79666K, committed 79764K, reserved 1118208K
  class space    used 9991K, capacity 10910K, committed 10940K, reserved 1048576K
Event: 345.468 GC heap after
Heap after GC invocations=22 (full 3):
 PSYoungGen      total 220672K, used 15109K [0x00000000e0000000, 0x00000000efc80000, 0x0000000100000000)
  eden space 200192K, 0% used [0x00000000e0000000,0x00000000e0000000,0x00000000ec380000)
  from space 20480K, 73% used [0x00000000ec380000,0x00000000ed241658,0x00000000ed780000)
  to   space 21504K, 0% used [0x00000000ee780000,0x00000000ee780000,0x00000000efc80000)
 ParOldGen       total 78336K, used 49190K [0x00000000a0000000, 0x00000000a4c80000, 0x00000000e0000000)
  object space 78336K, 62% used [0x00000000a0000000,0x00000000a3009a90,0x00000000a4c80000)
 Metaspace       used 75614K, capacity 79666K, committed 79764K, reserved 1118208K
  class space    used 9991K, capacity 10910K, committed 10940K, reserved 1048576K
}
Event: 727.996 GC heap before
{Heap before GC invocations=23 (full 3):
 PSYoungGen      total 220672K, used 215301K [0x00000000e0000000, 0x00000000efc80000, 0x0000000100000000)
  eden space 200192K, 100% used [0x00000000e0000000,0x00000000ec380000,0x00000000ec380000)
  from space 20480K, 73% used [0x00000000ec380000,0x00000000ed241658,0x00000000ed780000)
  to   space 21504K, 0% used [0x00000000ee780000,0x00000000ee780000,0x00000000efc80000)
 ParOldGen       total 78336K, used 49190K [0x00000000a0000000, 0x00000000a4c80000, 0x00000000e0000000)
  object space 78336K, 62% used [0x00000000a0000000,0x00000000a3009a90,0x00000000a4c80000)
 Metaspace       used 81104K, capacity 85562K, committed 85652K, reserved 1124352K
  class space    used 10641K, capacity 11634K, committed 11708K, reserved 1048576K
Event: 728.092 GC heap after
Heap after GC invocations=23 (full 3):
 PSYoungGen      total 233472K, used 21503K [0x00000000e0000000, 0x00000000f0080000, 0x0000000100000000)
  eden space 211968K, 0% used [0x00000000e0000000,0x00000000e0000000,0x00000000ecf00000)
  from space 21504K, 99% used [0x00000000ee780000,0x00000000efc7fef0,0x00000000efc80000)
  to   space 25088K, 0% used [0x00000000ecf00000,0x00000000ecf00000,0x00000000ee780000)
 ParOldGen       total 78336K, used 50085K [0x00000000a0000000, 0x00000000a4c80000, 0x00000000e0000000)
  object space 78336K, 63% used [0x00000000a0000000,0x00000000a30e9720,0x00000000a4c80000)
 Metaspace       used 81104K, capacity 85562K, committed 85652K, reserved 1124352K
  class space    used 10641K, capacity 11634K, committed 11708K, reserved 1048576K
}
Event: 920.066 GC heap before
{Heap before GC invocations=24 (full 3):
 PSYoungGen      total 233472K, used 233471K [0x00000000e0000000, 0x00000000f0080000, 0x0000000100000000)
  eden space 211968K, 100% used [0x00000000e0000000,0x00000000ecf00000,0x00000000ecf00000)
  from space 21504K, 99% used [0x00000000ee780000,0x00000000efc7fef0,0x00000000efc80000)
  to   space 25088K, 0% used [0x00000000ecf00000,0x00000000ecf00000,0x00000000ee780000)
 ParOldGen       total 78336K, used 50085K [0x00000000a0000000, 0x00000000a4c80000, 0x00000000e0000000)
  object space 78336K, 63% used [0x00000000a0000000,0x00000000a30e9720,0x00000000a4c80000)
 Metaspace       used 82860K, capacity 87814K, committed 87956K, reserved 1126400K
  class space    used 10819K, capacity 11904K, committed 11964K, reserved 1048576K
Event: 920.197 GC heap after
Heap after GC invocations=24 (full 3):
 PSYoungGen      total 211456K, used 8055K [0x00000000e0000000, 0x00000000ef580000, 0x0000000100000000)
  eden space 203264K, 0% used [0x00000000e0000000,0x00000000e0000000,0x00000000ec680000)
  from space 8192K, 98% used [0x00000000ecf00000,0x00000000ed6dddb8,0x00000000ed700000)
  to   space 24064K, 0% used [0x00000000ede00000,0x00000000ede00000,0x00000000ef580000)
 ParOldGen       total 78336K, used 58269K [0x00000000a0000000, 0x00000000a4c80000, 0x00000000e0000000)
  object space 78336K, 74% used [0x00000000a0000000,0x00000000a38e77b8,0x00000000a4c80000)
 Metaspace       used 82860K, capacity 87814K, committed 87956K, reserved 1126400K
  class space    used 10819K, capacity 11904K, committed 11964K, reserved 1048576K
}
Event: 1022.388 GC heap before
{Heap before GC invocations=25 (full 3):
 PSYoungGen      total 211456K, used 211319K [0x00000000e0000000, 0x00000000ef580000, 0x0000000100000000)
  eden space 203264K, 100% used [0x00000000e0000000,0x00000000ec680000,0x00000000ec680000)
  from space 8192K, 98% used [0x00000000ecf00000,0x00000000ed6dddb8,0x00000000ed700000)
  to   space 24064K, 0% used [0x00000000ede00000,0x00000000ede00000,0x00000000ef580000)
 ParOldGen       total 78336K, used 58269K [0x00000000a0000000, 0x00000000a4c80000, 0x00000000e0000000)
  object space 78336K, 74% used [0x00000000a0000000,0x00000000a38e77b8,0x00000000a4c80000)
 Metaspace       used 83459K, capacity 88820K, committed 88852K, reserved 1126400K
  class space    used 10892K, capacity 12079K, committed 12092K, reserved 1048576K
Event: 1022.458 GC heap after
Heap after GC invocations=25 (full 3):
 PSYoungGen      total 209920K, used 7697K [0x00000000e0000000, 0x00000000eec80000, 0x0000000100000000)
  eden space 195072K, 0% used [0x00000000e0000000,0x00000000e0000000,0x00000000ebe80000)
  from space 14848K, 51% used [0x00000000ede00000,0x00000000ee5845d0,0x00000000eec80000)
  to   space 23552K, 0% used [0x00000000ebe80000,0x00000000ebe80000,0x00000000ed580000)
 ParOldGen       total 78336K, used 58277K [0x00000000a0000000, 0x00000000a4c80000, 0x00000000e0000000)
  object space 78336K, 74% used [0x00000000a0000000,0x00000000a38e97b8,0x00000000a4c80000)
 Metaspace       used 83459K, capacity 88820K, committed 88852K, reserved 1126400K
  class space    used 10892K, capacity 12079K, committed 12092K, reserved 1048576K
}

