# JRE version: OpenJDK Runtime Environment (8.0_152-b01) (build 1.8.0_152-release-915-b01)
# Java VM: OpenJDK 64-Bit Server VM (25.152-b01 mixed mode windows-amd64 compressed oops)
Heap:
 PSYoungGen      total 209920K, used 172852K [0x00000000e0000000, 0x00000000f0080000, 0x0000000100000000)
  eden space 183296K, 88% used [0x00000000e0000000,0x00000000e9d99f28,0x00000000eb300000)
  from space 26624K, 43% used [0x00000000eb300000,0x00000000ebe33238,0x00000000ecd00000)
  to   space 25088K, 0% used [0x00000000ee800000,0x00000000ee800000,0x00000000f0080000)
 ParOldGen       total 107008K, used 47649K [0x00000000a0000000, 0x00000000a6880000, 0x00000000e0000000)
  object space 107008K, 44% used [0x00000000a0000000,0x00000000a2e88638,0x00000000a6880000)
 Metaspace       used 70748K, capacity 74368K, committed 74584K, reserved 1114112K
  class space    used 9415K, capacity 10261K, committed 10368K, reserved 1048576K
GC Heap History (10 events):
Event: 18.523 GC heap before
{Heap before GC invocations=14 (full 2):
 PSYoungGen      total 131072K, used 131057K [0x00000000e0000000, 0x00000000eb080000, 0x0000000100000000)
  eden space 117760K, 100% used [0x00000000e0000000,0x00000000e7300000,0x00000000e7300000)
  from space 13312K, 99% used [0x00000000e7300000,0x00000000e7ffc630,0x00000000e8000000)
  to   space 15872K, 0% used [0x00000000ea100000,0x00000000ea100000,0x00000000eb080000)
 ParOldGen       total 58880K, used 18157K [0x00000000a0000000, 0x00000000a3980000, 0x00000000e0000000)
  object space 58880K, 30% used [0x00000000a0000000,0x00000000a11bb5d0,0x00000000a3980000)
 Metaspace       used 55500K, capacity 57618K, committed 57816K, reserved 1099776K
  class space    used 7567K, capacity 8132K, committed 8192K, reserved 1048576K
Event: 18.574 GC heap after
Heap after GC invocations=14 (full 2):
 PSYoungGen      total 159744K, used 15840K [0x00000000e0000000, 0x00000000ebf00000, 0x0000000100000000)
  eden space 143872K, 0% used [0x00000000e0000000,0x00000000e0000000,0x00000000e8c80000)
  from space 15872K, 99% used [0x00000000ea100000,0x00000000eb0781f8,0x00000000eb080000)
  to   space 20992K, 0% used [0x00000000e8c80000,0x00000000e8c80000,0x00000000ea100000)
 ParOldGen       total 58880K, used 26250K [0x00000000a0000000, 0x00000000a3980000, 0x00000000e0000000)
  object space 58880K, 44% used [0x00000000a0000000,0x00000000a19a2858,0x00000000a3980000)
 Metaspace       used 55500K, capacity 57618K, committed 57816K, reserved 1099776K
  class space    used 7567K, capacity 8132K, committed 8192K, reserved 1048576K
}
Event: 20.773 GC heap before
{Heap before GC invocations=15 (full 2):
 PSYoungGen      total 159744K, used 133414K [0x00000000e0000000, 0x00000000ebf00000, 0x0000000100000000)
  eden space 143872K, 81% used [0x00000000e0000000,0x00000000e72d1840,0x00000000e8c80000)
  from space 15872K, 99% used [0x00000000ea100000,0x00000000eb0781f8,0x00000000eb080000)
  to   space 20992K, 0% used [0x00000000e8c80000,0x00000000e8c80000,0x00000000ea100000)
 ParOldGen       total 58880K, used 26250K [0x00000000a0000000, 0x00000000a3980000, 0x00000000e0000000)
  object space 58880K, 44% used [0x00000000a0000000,0x00000000a19a2858,0x00000000a3980000)
 Metaspace       used 56852K, capacity 58936K, committed 58968K, reserved 1099776K
  class space    used 7759K, capacity 8306K, committed 8320K, reserved 1048576K
Event: 20.867 GC heap after
Heap after GC invocations=15 (full 2):
 PSYoungGen      total 164864K, used 20960K [0x00000000e0000000, 0x00000000ef480000, 0x0000000100000000)
  eden space 143872K, 0% used [0x00000000e0000000,0x00000000e0000000,0x00000000e8c80000)
  from space 20992K, 99% used [0x00000000e8c80000,0x00000000ea0f81f8,0x00000000ea100000)
  to   space 27136K, 0% used [0x00000000eda00000,0x00000000eda00000,0x00000000ef480000)
 ParOldGen       total 58880K, used 33996K [0x00000000a0000000, 0x00000000a3980000, 0x00000000e0000000)
  object space 58880K, 57% used [0x00000000a0000000,0x00000000a2133200,0x00000000a3980000)
 Metaspace       used 56852K, capacity 58936K, committed 58968K, reserved 1099776K
  class space    used 7759K, capacity 8306K, committed 8320K, reserved 1048576K
}
Event: 20.867 GC heap before
{Heap before GC invocations=16 (full 3):
 PSYoungGen      total 164864K, used 20960K [0x00000000e0000000, 0x00000000ef480000, 0x0000000100000000)
  eden space 143872K, 0% used [0x00000000e0000000,0x00000000e0000000,0x00000000e8c80000)
  from space 20992K, 99% used [0x00000000e8c80000,0x00000000ea0f81f8,0x00000000ea100000)
  to   space 27136K, 0% used [0x00000000eda00000,0x00000000eda00000,0x00000000ef480000)
 ParOldGen       total 58880K, used 33996K [0x00000000a0000000, 0x00000000a3980000, 0x00000000e0000000)
  object space 58880K, 57% used [0x00000000a0000000,0x00000000a2133200,0x00000000a3980000)
 Metaspace       used 56852K, capacity 58936K, committed 58968K, reserved 1099776K
  class space    used 7759K, capacity 8306K, committed 8320K, reserved 1048576K
Event: 21.321 GC heap after
Heap after GC invocations=16 (full 3):
 PSYoungGen      total 164864K, used 0K [0x00000000e0000000, 0x00000000ef480000, 0x0000000100000000)
  eden space 143872K, 0% used [0x00000000e0000000,0x00000000e0000000,0x00000000e8c80000)
  from space 20992K, 0% used [0x00000000e8c80000,0x00000000e8c80000,0x00000000ea100000)
  to   space 27136K, 0% used [0x00000000eda00000,0x00000000eda00000,0x00000000ef480000)
 ParOldGen       total 107008K, used 47633K [0x00000000a0000000, 0x00000000a6880000, 0x00000000e0000000)
  object space 107008K, 44% used [0x00000000a0000000,0x00000000a2e84638,0x00000000a6880000)
 Metaspace       used 56852K, capacity 58936K, committed 58968K, reserved 1099776K
  class space    used 7759K, capacity 8306K, committed 8320K, reserved 1048576K
}
Event: 33.245 GC heap before
{Heap before GC invocations=17 (full 3):
 PSYoungGen      total 164864K, used 143872K [0x00000000e0000000, 0x00000000ef480000, 0x0000000100000000)
  eden space 143872K, 100% used [0x00000000e0000000,0x00000000e8c80000,0x00000000e8c80000)
  from space 20992K, 0% used [0x00000000e8c80000,0x00000000e8c80000,0x00000000ea100000)
  to   space 27136K, 0% used [0x00000000eda00000,0x00000000eda00000,0x00000000ef480000)
 ParOldGen       total 107008K, used 47633K [0x00000000a0000000, 0x00000000a6880000, 0x00000000e0000000)
  object space 107008K, 44% used [0x00000000a0000000,0x00000000a2e84638,0x00000000a6880000)
 Metaspace       used 65295K, capacity 68330K, committed 68568K, reserved 1107968K
  class space    used 8738K, capacity 9460K, committed 9472K, reserved 1048576K
Event: 33.274 GC heap after
Heap after GC invocations=17 (full 3):
 PSYoungGen      total 190976K, used 13311K [0x00000000e0000000, 0x00000000ee700000, 0x0000000100000000)
  eden space 177664K, 0% used [0x00000000e0000000,0x00000000e0000000,0x00000000ead80000)
  from space 13312K, 99% used [0x00000000eda00000,0x00000000ee6fff40,0x00000000ee700000)
  to   space 26624K, 0% used [0x00000000eb300000,0x00000000eb300000,0x00000000ecd00000)
 ParOldGen       total 107008K, used 47641K [0x00000000a0000000, 0x00000000a6880000, 0x00000000e0000000)
  object space 107008K, 44% used [0x00000000a0000000,0x00000000a2e86638,0x00000000a6880000)
 Metaspace       used 65295K, capacity 68330K, committed 68568K, reserved 1107968K
  class space    used 8738K, capacity 9460K, committed 9472K, reserved 1048576K
}
Event: 260.230 GC heap before
{Heap before GC invocations=18 (full 3):
 PSYoungGen      total 190976K, used 190975K [0x00000000e0000000, 0x00000000ee700000, 0x0000000100000000)
  eden space 177664K, 100% used [0x00000000e0000000,0x00000000ead80000,0x00000000ead80000)
  from space 13312K, 99% used [0x00000000eda00000,0x00000000ee6fff40,0x00000000ee700000)
  to   space 26624K, 0% used [0x00000000eb300000,0x00000000eb300000,0x00000000ecd00000)
 ParOldGen       total 107008K, used 47641K [0x00000000a0000000, 0x00000000a6880000, 0x00000000e0000000)
  object space 107008K, 44% used [0x00000000a0000000,0x00000000a2e86638,0x00000000a6880000)
 Metaspace       used 68905K, capacity 72304K, committed 72408K, reserved 1112064K
  class space    used 9173K, capacity 9967K, committed 9984K, reserved 1048576K
Event: 260.251 GC heap after
Heap after GC invocations=18 (full 3):
 PSYoungGen      total 209920K, used 11468K [0x00000000e0000000, 0x00000000f0080000, 0x0000000100000000)
  eden space 183296K, 0% used [0x00000000e0000000,0x00000000e0000000,0x00000000eb300000)
  from space 26624K, 43% used [0x00000000eb300000,0x00000000ebe33238,0x00000000ecd00000)
  to   space 25088K, 0% used [0x00000000ee800000,0x00000000ee800000,0x00000000f0080000)
 ParOldGen       total 107008K, used 47649K [0x00000000a0000000, 0x00000000a6880000, 0x00000000e0000000)
  object space 107008K, 44% used [0x00000000a0000000,0x00000000a2e88638,0x00000000a6880000)
 Metaspace       used 68905K, capacity 72304K, committed 72408K, reserved 1112064K
  class space    used 9173K, capacity 9967K, committed 9984K, reserved 1048576K
}

